mode: set
github.com/rillig/go-yacc-examples/json/json.go:37.36,41.2 1 0
github.com/rillig/go-yacc-examples/json/json.go:44.43,48.23 4 1
github.com/rillig/go-yacc-examples/json/json.go:52.2,52.41 1 0
github.com/rillig/go-yacc-examples/json/json.go:48.23,51.3 1 1
github.com/rillig/go-yacc-examples/json/json.go:62.42,63.26 1 1
github.com/rillig/go-yacc-examples/json/json.go:67.2,73.25 3 1
github.com/rillig/go-yacc-examples/json/json.go:85.2,85.24 1 1
github.com/rillig/go-yacc-examples/json/json.go:63.26,65.3 1 1
github.com/rillig/go-yacc-examples/json/json.go:74.15,75.59 1 1
github.com/rillig/go-yacc-examples/json/json.go:76.15,77.59 1 1
github.com/rillig/go-yacc-examples/json/json.go:78.13,79.35 1 1
github.com/rillig/go-yacc-examples/json/json.go:80.13,81.35 1 1
github.com/rillig/go-yacc-examples/json/json.go:82.14,83.36 1 1
github.com/rillig/go-yacc-examples/json/json.go:88.33,90.2 1 0
github.com/rillig/go-yacc-examples/json/y.go:25.0,27.0 1 0
github.com/rillig/go-yacc-examples/json/y.go:29.0,31.0 1 1
github.com/rillig/go-yacc-examples/json/y.go:35.0,36.0 1 0
github.com/rillig/go-yacc-examples/json/y.go:41.0,41.0 1 0
github.com/rillig/go-yacc-examples/json/y.go:36.0,37.0 1 0
github.com/rillig/go-yacc-examples/json/y.go:37.0,39.0 1 0
github.com/rillig/go-yacc-examples/json/y.go:44.0,45.0 1 0
github.com/rillig/go-yacc-examples/json/y.go:50.0,50.0 1 0
github.com/rillig/go-yacc-examples/json/y.go:45.0,46.0 1 0
github.com/rillig/go-yacc-examples/json/y.go:46.0,48.0 1 0
github.com/rillig/go-yacc-examples/json/y.go:53.0,56.0 2 0
github.com/rillig/go-yacc-examples/json/y.go:60.0,60.0 1 0
github.com/rillig/go-yacc-examples/json/y.go:66.0,73.0 4 0
github.com/rillig/go-yacc-examples/json/y.go:82.0,82.0 1 0
github.com/rillig/go-yacc-examples/json/y.go:106.0,106.0 1 0
github.com/rillig/go-yacc-examples/json/y.go:114.0,114.0 1 0
github.com/rillig/go-yacc-examples/json/y.go:56.0,58.0 1 0
github.com/rillig/go-yacc-examples/json/y.go:60.0,61.0 1 0
github.com/rillig/go-yacc-examples/json/y.go:61.0,63.0 1 0
github.com/rillig/go-yacc-examples/json/y.go:73.0,74.0 1 0
github.com/rillig/go-yacc-examples/json/y.go:74.0,75.0 1 0
github.com/rillig/go-yacc-examples/json/y.go:78.0,78.0 1 0
github.com/rillig/go-yacc-examples/json/y.go:75.0,77.0 1 0
github.com/rillig/go-yacc-examples/json/y.go:82.0,84.0 2 0
github.com/rillig/go-yacc-examples/json/y.go:89.0,89.0 1 0
github.com/rillig/go-yacc-examples/json/y.go:101.0,101.0 1 0
github.com/rillig/go-yacc-examples/json/y.go:84.0,86.0 1 0
github.com/rillig/go-yacc-examples/json/y.go:89.0,91.0 2 0
github.com/rillig/go-yacc-examples/json/y.go:94.0,94.0 1 0
github.com/rillig/go-yacc-examples/json/y.go:97.0,97.0 1 0
github.com/rillig/go-yacc-examples/json/y.go:91.0,92.0 1 0
github.com/rillig/go-yacc-examples/json/y.go:94.0,96.0 1 0
github.com/rillig/go-yacc-examples/json/y.go:101.0,103.0 1 0
github.com/rillig/go-yacc-examples/json/y.go:106.0,107.0 1 0
github.com/rillig/go-yacc-examples/json/y.go:112.0,112.0 1 0
github.com/rillig/go-yacc-examples/json/y.go:107.0,109.0 1 0
github.com/rillig/go-yacc-examples/json/y.go:109.0,111.0 1 0
github.com/rillig/go-yacc-examples/json/y.go:117.0,120.0 3 1
github.com/rillig/go-yacc-examples/json/y.go:124.0,124.0 1 1
github.com/rillig/go-yacc-examples/json/y.go:128.0,128.0 1 1
github.com/rillig/go-yacc-examples/json/y.go:134.0,134.0 1 0
github.com/rillig/go-yacc-examples/json/y.go:143.0,143.0 1 1
github.com/rillig/go-yacc-examples/json/y.go:146.0,146.0 1 1
github.com/rillig/go-yacc-examples/json/y.go:149.0,149.0 1 1
github.com/rillig/go-yacc-examples/json/y.go:120.0,122.0 2 1
github.com/rillig/go-yacc-examples/json/y.go:124.0,126.0 2 0
github.com/rillig/go-yacc-examples/json/y.go:128.0,129.0 1 1
github.com/rillig/go-yacc-examples/json/y.go:129.0,131.0 2 1
github.com/rillig/go-yacc-examples/json/y.go:134.0,136.0 2 0
github.com/rillig/go-yacc-examples/json/y.go:136.0,138.0 2 0
github.com/rillig/go-yacc-examples/json/y.go:143.0,145.0 1 0
github.com/rillig/go-yacc-examples/json/y.go:146.0,148.0 1 0
github.com/rillig/go-yacc-examples/json/y.go:152.0,154.0 1 0
github.com/rillig/go-yacc-examples/json/y.go:156.0,168.0 11 1
github.com/rillig/go-yacc-examples/json/y.go:174.0,175.0 2 1
github.com/rillig/go-yacc-examples/json/y.go:178.0,180.0 2 1
github.com/rillig/go-yacc-examples/json/y.go:181.0,183.0 2 0
github.com/rillig/go-yacc-examples/json/y.go:185.0,185.0 1 1
github.com/rillig/go-yacc-examples/json/y.go:189.0,190.0 2 1
github.com/rillig/go-yacc-examples/json/y.go:195.0,198.0 3 1
github.com/rillig/go-yacc-examples/json/y.go:199.0,200.0 2 1
github.com/rillig/go-yacc-examples/json/y.go:203.0,203.0 1 1
github.com/rillig/go-yacc-examples/json/y.go:206.0,207.0 2 1
github.com/rillig/go-yacc-examples/json/y.go:210.0,211.0 2 1
github.com/rillig/go-yacc-examples/json/y.go:224.0,225.0 2 1
github.com/rillig/go-yacc-examples/json/y.go:249.0,249.0 1 1
github.com/rillig/go-yacc-examples/json/y.go:297.0,297.0 1 1
github.com/rillig/go-yacc-examples/json/y.go:301.0,308.0 5 1
github.com/rillig/go-yacc-examples/json/y.go:313.0,320.0 5 1
github.com/rillig/go-yacc-examples/json/y.go:329.0,329.0 1 1
github.com/rillig/go-yacc-examples/json/y.go:72.0,72.0 1 1
github.com/rillig/go-yacc-examples/json/y.go:168.0,173.0 3 1
github.com/rillig/go-yacc-examples/json/y.go:185.0,187.0 1 0
github.com/rillig/go-yacc-examples/json/y.go:190.0,194.0 3 0
github.com/rillig/go-yacc-examples/json/y.go:200.0,201.0 1 1
github.com/rillig/go-yacc-examples/json/y.go:203.0,205.0 1 1
github.com/rillig/go-yacc-examples/json/y.go:207.0,208.0 1 0
github.com/rillig/go-yacc-examples/json/y.go:211.0,216.0 5 1
github.com/rillig/go-yacc-examples/json/y.go:219.0,219.0 1 1
github.com/rillig/go-yacc-examples/json/y.go:216.0,218.0 1 0
github.com/rillig/go-yacc-examples/json/y.go:225.0,226.0 1 1
github.com/rillig/go-yacc-examples/json/y.go:231.0,232.0 2 1
github.com/rillig/go-yacc-examples/json/y.go:238.0,238.0 1 1
github.com/rillig/go-yacc-examples/json/y.go:244.0,245.0 2 1
github.com/rillig/go-yacc-examples/json/y.go:226.0,228.0 1 1
github.com/rillig/go-yacc-examples/json/y.go:232.0,233.0 1 1
github.com/rillig/go-yacc-examples/json/y.go:236.0,236.0 1 0
github.com/rillig/go-yacc-examples/json/y.go:233.0,234.0 1 1
github.com/rillig/go-yacc-examples/json/y.go:238.0,240.0 2 1
github.com/rillig/go-yacc-examples/json/y.go:240.0,241.0 1 1
github.com/rillig/go-yacc-examples/json/y.go:245.0,246.0 1 1
github.com/rillig/go-yacc-examples/json/y.go:249.0,251.0 1 0
github.com/rillig/go-yacc-examples/json/y.go:252.0,255.0 3 0
github.com/rillig/go-yacc-examples/json/y.go:259.0,259.0 1 0
github.com/rillig/go-yacc-examples/json/y.go:261.0,265.0 2 0
github.com/rillig/go-yacc-examples/json/y.go:281.0,281.0 1 0
github.com/rillig/go-yacc-examples/json/y.go:283.0,284.0 1 0
github.com/rillig/go-yacc-examples/json/y.go:287.0,287.0 1 0
github.com/rillig/go-yacc-examples/json/y.go:290.0,292.0 3 0
github.com/rillig/go-yacc-examples/json/y.go:255.0,258.0 2 0
github.com/rillig/go-yacc-examples/json/y.go:265.0,267.0 2 0
github.com/rillig/go-yacc-examples/json/y.go:275.0,275.0 1 0
github.com/rillig/go-yacc-examples/json/y.go:278.0,278.0 1 0
github.com/rillig/go-yacc-examples/json/y.go:267.0,269.0 2 0
github.com/rillig/go-yacc-examples/json/y.go:269.0,270.0 1 0
github.com/rillig/go-yacc-examples/json/y.go:275.0,277.0 1 0
github.com/rillig/go-yacc-examples/json/y.go:284.0,286.0 1 0
github.com/rillig/go-yacc-examples/json/y.go:287.0,288.0 1 0
github.com/rillig/go-yacc-examples/json/y.go:297.0,299.0 1 0
github.com/rillig/go-yacc-examples/json/y.go:308.0,312.0 3 0
github.com/rillig/go-yacc-examples/json/y.go:320.0,322.0 1 1
github.com/rillig/go-yacc-examples/json/y.go:322.0,324.0 2 1
github.com/rillig/go-yacc-examples/json/y.go:324.0,326.0 1 1
github.com/rillig/go-yacc-examples/json/y.go:331.0,32.0 2 1
github.com/rillig/go-yacc-examples/json/y.go:35.0,40.0 2 1
github.com/rillig/go-yacc-examples/json/y.go:43.0,41.0 2 1
github.com/rillig/go-yacc-examples/json/y.go:44.0,50.0 2 1
github.com/rillig/go-yacc-examples/json/y.go:53.0,53.0 2 1
github.com/rillig/go-yacc-examples/json/y.go:56.0,56.0 2 1
github.com/rillig/go-yacc-examples/json/y.go:59.0,62.0 2 1
github.com/rillig/go-yacc-examples/json/y.go:65.0,65.0 2 1
github.com/rillig/go-yacc-examples/json/y.go:68.0,68.0 2 1
github.com/rillig/go-yacc-examples/json/y.go:32.0,34.0 1 1
github.com/rillig/go-yacc-examples/json/y.go:40.0,42.0 1 1
github.com/rillig/go-yacc-examples/json/y.go:41.0,43.0 1 1
github.com/rillig/go-yacc-examples/json/y.go:50.0,52.0 1 1
github.com/rillig/go-yacc-examples/json/y.go:53.0,55.0 1 1
github.com/rillig/go-yacc-examples/json/y.go:56.0,58.0 1 1
github.com/rillig/go-yacc-examples/json/y.go:62.0,64.0 1 1
github.com/rillig/go-yacc-examples/json/y.go:65.0,67.0 1 1
github.com/rillig/go-yacc-examples/json/y.go:68.0,70.0 1 1
